[2026-01-12T00:05:22.212Z] warn: Working offline. Changes will sync when connection is restored.
[2026-01-12T00:08:33.397Z] warn: Could not reach cloud: Everything up-to-date

[2026-01-12T00:10:12.683Z] warn: Could not reach cloud: Everything up-to-date

[2026-01-12T00:14:14.872Z] error: Problem saving version: Command failed: git commit -m "autosave: 2026-01-12T00:14:14.854Z"

[2026-01-12T00:25:17.510Z] error: Problem saving version: Command failed: git commit -m "autosave: 2026-01-12T00:25:17.492Z"

[2026-01-12T00:25:17.992Z] warn: Could not reach cloud: Everything up-to-date

[2026-01-12T00:27:45.736Z] warn: Could not reach cloud: Everything up-to-date

[2026-01-12T00:32:45.779Z] warn: Could not reach cloud: Everything up-to-date

[2026-01-12T00:37:45.755Z] warn: Could not reach cloud: Everything up-to-date

[2026-01-12T00:42:45.773Z] warn: Could not reach cloud: Everything up-to-date

[2026-01-12T00:47:45.782Z] warn: Could not reach cloud: Everything up-to-date

[2026-01-12T00:52:45.622Z] warn: Could not reach cloud: Everything up-to-date

[2026-01-12T00:57:45.623Z] warn: Could not reach cloud: Everything up-to-date

[2026-01-12T01:02:45.637Z] warn: Could not reach cloud: Everything up-to-date

[2026-01-12T01:07:45.603Z] warn: Could not reach cloud: Everything up-to-date

[2026-01-12T01:12:45.739Z] warn: Could not reach cloud: Everything up-to-date

[2026-01-12T01:17:45.760Z] warn: Could not reach cloud: Everything up-to-date

[2026-01-12T01:22:45.757Z] warn: Could not reach cloud: Everything up-to-date

[2026-01-12T01:27:45.788Z] warn: Could not reach cloud: Everything up-to-date

[2026-01-12T01:32:45.789Z] warn: Could not reach cloud: Everything up-to-date

[2026-01-12T01:37:45.803Z] warn: Could not reach cloud: Everything up-to-date

[2026-01-12T01:42:45.839Z] warn: Could not reach cloud: Everything up-to-date

[2026-01-12T01:47:45.844Z] warn: Could not reach cloud: Everything up-to-date

[2026-01-12T01:52:45.874Z] warn: Could not reach cloud: Everything up-to-date

[2026-01-12T01:57:45.885Z] warn: Could not reach cloud: Everything up-to-date

[2026-01-12T02:02:45.896Z] warn: Could not reach cloud: Everything up-to-date

[2026-01-12T02:07:35.272Z] warn: Could not reach cloud: To https://github.com/NeloReis/auto-save-backup-v2.git
   fbfedc0..d8914dc  main -> main

[2026-01-12T02:07:45.911Z] warn: Could not reach cloud: Everything up-to-date

[2026-01-12T02:11:21.750Z] warn: Could not reach cloud: To https://github.com/NeloReis/auto-save-backup-v2.git
   d8914dc..a6f70ac  main -> main

[2026-01-12T02:12:21.401Z] warn: Could not reach cloud: Everything up-to-date

[2026-01-12T02:13:21.386Z] warn: Could not reach cloud: Everything up-to-date

[2026-01-12T02:14:21.390Z] warn: Could not reach cloud: Everything up-to-date

[2026-01-12T02:15:21.776Z] warn: Could not reach cloud: To https://github.com/NeloReis/auto-save-backup-v2.git
   a6f70ac..2014394  main -> main

[2026-01-12T02:16:21.398Z] warn: Could not reach cloud: Everything up-to-date

[2026-01-12T02:17:21.395Z] warn: Could not reach cloud: Everything up-to-date

[2026-01-12T02:18:21.424Z] warn: Could not reach cloud: Everything up-to-date

[2026-01-12T02:20:11.294Z] warn: Could not reach cloud: Everything up-to-date

[2026-01-12T02:21:11.271Z] warn: Could not reach cloud: Everything up-to-date

[2026-01-12T02:22:11.301Z] warn: Could not reach cloud: Everything up-to-date

[2026-01-12T02:22:22.695Z] warn: Could not reach cloud: To https://github.com/NeloReis/auto-save-backup-v2.git
   2014394..34ccd78  main -> main

[2026-01-12T02:23:11.304Z] warn: Could not reach cloud: Everything up-to-date

[2026-01-12T02:24:11.309Z] warn: Could not reach cloud: Everything up-to-date

[2026-01-12T02:25:56.263Z] warn: Could not reach cloud: Everything up-to-date

[2026-01-12T02:26:56.297Z] warn: Could not reach cloud: Everything up-to-date

[2026-01-12T02:27:56.270Z] warn: Could not reach cloud: Everything up-to-date

[2026-01-12T02:28:56.273Z] warn: Could not reach cloud: Everything up-to-date

[2026-01-12T02:29:56.240Z] warn: Could not reach cloud: Everything up-to-date

[2026-01-12T02:30:56.256Z] warn: Could not reach cloud: Everything up-to-date

[2026-01-12T02:31:56.274Z] warn: Could not reach cloud: Everything up-to-date

[2026-01-12T02:32:56.261Z] warn: Could not reach cloud: Everything up-to-date

[2026-01-12T02:33:40.380Z] error: Problem saving version: Command failed: git commit -m "autosave: 2026-01-12T02:33:40.363Z"

[2026-01-12T02:33:41.284Z] info: Saved a new version.
[2026-01-12T02:33:42.089Z] warn: Could not reach cloud: To https://github.com/NeloReis/auto-save-backup-v2.git
   7ece432..67d3093  main -> main

[2026-01-12T02:33:56.266Z] warn: Could not reach cloud: Everything up-to-date

[2026-01-12T02:34:44.834Z] info: Saved a new version.
[2026-01-12T02:34:45.732Z] warn: Could not reach cloud: To https://github.com/NeloReis/auto-save-backup-v2.git
   67d3093..834ddb2  main -> main

[2026-01-12T02:35:35.193Z] warn: Could not reach cloud: Everything up-to-date

[2026-01-12T02:36:35.177Z] warn: Could not reach cloud: Everything up-to-date

[2026-01-12T02:37:35.173Z] warn: Could not reach cloud: Everything up-to-date

[2026-01-12T02:38:35.198Z] warn: Could not reach cloud: Everything up-to-date

[2026-01-12T02:39:35.199Z] warn: Could not reach cloud: Everything up-to-date

[2026-01-12T02:40:35.181Z] warn: Could not reach cloud: Everything up-to-date

[2026-01-12T02:41:35.221Z] warn: Could not reach cloud: Everything up-to-date

[2026-01-12T02:42:35.197Z] warn: Could not reach cloud: Everything up-to-date

[2026-01-12T02:43:35.181Z] warn: Could not reach cloud: Everything up-to-date

[2026-01-12T02:44:35.198Z] warn: Could not reach cloud: Everything up-to-date

[2026-01-12T02:45:35.215Z] warn: Could not reach cloud: Everything up-to-date

[2026-01-12T02:46:35.191Z] warn: Could not reach cloud: Everything up-to-date

[2026-01-12T02:47:35.262Z] warn: Could not reach cloud: Everything up-to-date

[2026-01-12T02:48:35.214Z] warn: Could not reach cloud: Everything up-to-date

[2026-01-12T02:49:35.252Z] warn: Could not reach cloud: Everything up-to-date

[2026-01-12T02:50:35.233Z] warn: Could not reach cloud: Everything up-to-date

[2026-01-12T02:51:35.242Z] warn: Could not reach cloud: Everything up-to-date

[2026-01-12T02:52:35.249Z] warn: Could not reach cloud: Everything up-to-date

[2026-01-12T02:53:35.242Z] warn: Could not reach cloud: Everything up-to-date

[2026-01-12T02:54:35.254Z] warn: Could not reach cloud: Everything up-to-date

[2026-01-12T02:55:35.249Z] warn: Could not reach cloud: Everything up-to-date

[2026-01-12T02:56:35.249Z] warn: Could not reach cloud: Everything up-to-date

[2026-01-12T02:57:35.246Z] warn: Could not reach cloud: Everything up-to-date

[2026-01-12T02:58:35.261Z] warn: Could not reach cloud: Everything up-to-date

[2026-01-12T02:59:35.258Z] warn: Could not reach cloud: Everything up-to-date

[2026-01-12T03:00:35.258Z] warn: Could not reach cloud: Everything up-to-date

[2026-01-12T03:01:35.227Z] warn: Could not reach cloud: Everything up-to-date

[2026-01-12T03:02:35.225Z] warn: Could not reach cloud: Everything up-to-date

[2026-01-12T03:03:35.243Z] warn: Could not reach cloud: Everything up-to-date

[2026-01-12T03:04:35.225Z] warn: Could not reach cloud: Everything up-to-date

[2026-01-12T03:05:35.246Z] warn: Could not reach cloud: Everything up-to-date

[2026-01-12T03:06:35.252Z] warn: Could not reach cloud: Everything up-to-date

[2026-01-12T03:07:35.247Z] warn: Could not reach cloud: Everything up-to-date

[2026-01-12T03:08:35.262Z] warn: Could not reach cloud: Everything up-to-date

[2026-01-12T03:09:35.268Z] warn: Could not reach cloud: Everything up-to-date

[2026-01-12T03:10:35.267Z] warn: Could not reach cloud: Everything up-to-date

[2026-01-12T03:11:35.262Z] warn: Could not reach cloud: Everything up-to-date

[2026-01-12T03:12:35.261Z] warn: Could not reach cloud: Everything up-to-date

[2026-01-12T03:13:35.285Z] warn: Could not reach cloud: Everything up-to-date

[2026-01-12T03:14:35.285Z] warn: Could not reach cloud: Everything up-to-date

[2026-01-12T03:15:35.284Z] warn: Could not reach cloud: Everything up-to-date

[2026-01-12T03:16:35.292Z] warn: Could not reach cloud: Everything up-to-date

[2026-01-12T03:17:35.304Z] warn: Could not reach cloud: Everything up-to-date

[2026-01-12T03:18:35.307Z] warn: Could not reach cloud: Everything up-to-date

[2026-01-12T03:19:35.294Z] warn: Could not reach cloud: Everything up-to-date

[2026-01-12T03:20:35.306Z] warn: Could not reach cloud: Everything up-to-date

[2026-01-12T03:21:35.302Z] warn: Could not reach cloud: Everything up-to-date

[2026-01-12T03:22:35.311Z] warn: Could not reach cloud: Everything up-to-date

[2026-01-12T03:23:35.324Z] warn: Could not reach cloud: Everything up-to-date

[2026-01-12T03:24:35.324Z] warn: Could not reach cloud: Everything up-to-date

[2026-01-12T03:25:35.409Z] warn: Could not reach cloud: Everything up-to-date

[2026-01-12T03:26:35.337Z] warn: Could not reach cloud: Everything up-to-date

[2026-01-12T03:27:35.346Z] warn: Could not reach cloud: Everything up-to-date

[2026-01-12T03:28:35.388Z] warn: Could not reach cloud: Everything up-to-date

[2026-01-12T03:29:35.418Z] warn: Could not reach cloud: Everything up-to-date

[2026-01-12T03:30:35.405Z] warn: Could not reach cloud: Everything up-to-date

[2026-01-12T03:31:35.403Z] warn: Could not reach cloud: Everything up-to-date

[2026-01-12T03:32:35.403Z] warn: Could not reach cloud: Everything up-to-date

[2026-01-12T03:49:00.113Z] warn: Working offline. Changes will sync when connection is restored.
[2026-01-12T03:49:00.113Z] warn: Could not reach cloud: Could not reach cloud
[2026-01-12T03:49:09.051Z] info: Connection restored.
[2026-01-12T03:49:09.547Z] warn: Could not reach cloud: Everything up-to-date

[2026-01-12T04:05:56.538Z] warn: Could not reach cloud: Everything up-to-date

[2026-01-12T04:06:55.875Z] warn: Could not reach cloud: Everything up-to-date

[2026-01-12T04:07:55.869Z] warn: Could not reach cloud: Everything up-to-date

[2026-01-12T04:08:55.896Z] warn: Could not reach cloud: Everything up-to-date

[2026-01-12T04:24:58.615Z] warn: Could not reach cloud: Everything up-to-date

[2026-01-12T04:25:57.895Z] warn: Could not reach cloud: Everything up-to-date

[2026-01-12T04:42:38.998Z] warn: Could not reach cloud: Everything up-to-date

[2026-01-12T04:43:37.888Z] warn: Could not reach cloud: Everything up-to-date

[2026-01-12T04:44:37.887Z] warn: Could not reach cloud: Everything up-to-date

[2026-01-12T04:45:37.893Z] warn: Could not reach cloud: Everything up-to-date

[2026-01-12T04:46:37.928Z] warn: Could not reach cloud: Everything up-to-date

[2026-01-12T05:02:25.942Z] warn: Could not reach cloud: Everything up-to-date

[2026-01-12T05:19:39.720Z] warn: Could not reach cloud: Everything up-to-date

[2026-01-12T05:37:10.610Z] warn: Could not reach cloud: Everything up-to-date

[2026-01-12T05:54:07.633Z] warn: Could not reach cloud: Everything up-to-date

[2026-01-12T06:09:28.737Z] warn: Could not reach cloud: Everything up-to-date

[2026-01-12T06:10:27.945Z] warn: Could not reach cloud: Everything up-to-date

[2026-01-12T06:25:49.660Z] warn: Could not reach cloud: Everything up-to-date

[2026-01-12T06:41:50.573Z] warn: Could not reach cloud: Everything up-to-date

[2026-01-12T06:58:57.667Z] warn: Could not reach cloud: Everything up-to-date

[2026-01-12T06:59:56.857Z] warn: Could not reach cloud: Everything up-to-date

[2026-01-12T07:00:56.870Z] warn: Could not reach cloud: Everything up-to-date

[2026-01-12T07:01:56.878Z] warn: Could not reach cloud: Everything up-to-date

[2026-01-12T07:02:56.917Z] warn: Could not reach cloud: Everything up-to-date

[2026-01-12T07:03:56.884Z] warn: Could not reach cloud: Everything up-to-date

[2026-01-12T07:04:56.877Z] warn: Could not reach cloud: Everything up-to-date

[2026-01-12T07:05:56.899Z] warn: Could not reach cloud: Everything up-to-date

[2026-01-12T07:06:56.930Z] warn: Could not reach cloud: Everything up-to-date

[2026-01-12T07:07:56.917Z] warn: Could not reach cloud: Everything up-to-date

[2026-01-12T07:08:56.916Z] warn: Could not reach cloud: Everything up-to-date

[2026-01-12T07:09:56.952Z] warn: Could not reach cloud: Everything up-to-date

[2026-01-12T07:10:56.976Z] warn: Could not reach cloud: Everything up-to-date

[2026-01-12T07:11:56.940Z] warn: Could not reach cloud: Everything up-to-date

[2026-01-12T07:12:56.943Z] warn: Could not reach cloud: Everything up-to-date

[2026-01-12T07:13:56.956Z] warn: Could not reach cloud: Everything up-to-date

[2026-01-12T07:14:56.953Z] warn: Could not reach cloud: Everything up-to-date

[2026-01-12T07:15:56.930Z] warn: Could not reach cloud: Everything up-to-date

[2026-01-12T07:16:56.948Z] warn: Could not reach cloud: Everything up-to-date

[2026-01-12T07:17:56.961Z] warn: Could not reach cloud: Everything up-to-date

[2026-01-12T07:18:56.960Z] warn: Could not reach cloud: Everything up-to-date

[2026-01-12T07:19:56.946Z] warn: Could not reach cloud: Everything up-to-date

[2026-01-12T07:20:56.946Z] warn: Could not reach cloud: Everything up-to-date

[2026-01-12T07:21:57.205Z] warn: Could not reach cloud: Everything up-to-date

[2026-01-12T07:22:56.967Z] warn: Could not reach cloud: Everything up-to-date

[2026-01-12T07:23:56.984Z] warn: Could not reach cloud: Everything up-to-date

[2026-01-12T07:24:56.988Z] warn: Could not reach cloud: Everything up-to-date

[2026-01-12T07:42:41.287Z] warn: Could not reach cloud: Command failed: git push

[2026-01-12T07:42:42.917Z] warn: Could not reach cloud: Everything up-to-date

[2026-01-12T07:58:49.666Z] warn: Could not reach cloud: Everything up-to-date

[2026-01-12T07:59:48.890Z] warn: Could not reach cloud: Everything up-to-date

[2026-01-12T08:10:28.581Z] warn: Could not reach cloud: Everything up-to-date

[2026-01-12T08:27:53.746Z] warn: Could not reach cloud: Everything up-to-date

[2026-01-12T08:44:47.697Z] warn: Could not reach cloud: Everything up-to-date

[2026-01-12T08:45:56.606Z] warn: Could not reach cloud: Everything up-to-date

[2026-01-12T09:03:03.839Z] warn: Could not reach cloud: Everything up-to-date

[2026-01-12T09:04:02.987Z] warn: Could not reach cloud: Everything up-to-date

[2026-01-12T09:11:28.674Z] warn: Could not reach cloud: Everything up-to-date

[2026-01-12T09:27:24.789Z] warn: Could not reach cloud: Everything up-to-date

[2026-01-12T09:43:56.716Z] warn: Could not reach cloud: Everything up-to-date

[2026-01-12T10:00:17.783Z] warn: Could not reach cloud: Everything up-to-date

[2026-01-12T10:01:16.937Z] warn: Could not reach cloud: Everything up-to-date

[2026-01-12T10:08:40.996Z] warn: Could not reach cloud: Everything up-to-date

[2026-01-12T10:09:40.316Z] warn: Could not reach cloud: Everything up-to-date

[2026-01-12T10:10:40.301Z] warn: Could not reach cloud: Everything up-to-date

[2026-01-12T10:11:40.305Z] warn: Could not reach cloud: Everything up-to-date

[2026-01-12T10:12:40.328Z] warn: Could not reach cloud: Everything up-to-date

[2026-01-12T10:13:40.299Z] warn: Could not reach cloud: Everything up-to-date

[2026-01-12T10:14:40.343Z] warn: Could not reach cloud: Everything up-to-date

[2026-01-12T10:15:40.294Z] warn: Could not reach cloud: Everything up-to-date

[2026-01-12T10:16:40.290Z] warn: Could not reach cloud: Everything up-to-date

[2026-01-12T10:17:40.326Z] warn: Could not reach cloud: Everything up-to-date

[2026-01-12T10:18:40.323Z] warn: Could not reach cloud: Everything up-to-date

[2026-01-12T10:19:40.309Z] warn: Could not reach cloud: Everything up-to-date

[2026-01-12T10:20:40.312Z] warn: Could not reach cloud: Everything up-to-date

[2026-01-12T10:21:40.325Z] warn: Could not reach cloud: Everything up-to-date

[2026-01-12T10:22:40.310Z] warn: Could not reach cloud: Everything up-to-date

[2026-01-12T10:23:40.324Z] warn: Could not reach cloud: Everything up-to-date

